[11:44:19.783] Global cache location '/home/jas/.cache/typescript/4.9', safe file path '/home/jas/Desktop/code/aesthetic-computer/node_modules/typescript/lib/typingSafeList.json', types map path /home/jas/Desktop/code/aesthetic-computer/node_modules/typescript/lib/typesMap.json
[11:44:19.784] Processing cache location '/home/jas/.cache/typescript/4.9'
[11:44:19.784] Trying to find '/home/jas/.cache/typescript/4.9/package.json'...
[11:44:19.785] Loaded content of '/home/jas/.cache/typescript/4.9/package.json': {"private":true,"dependencies":{"types-registry":"^0.1.684"},"devDependencies":{"@types/archiver":"^5.3.1","@types/brace-expansion":"^1.1.0","@types/braces":"^3.0.1","@types/buffer-crc32":"^0.2.2","@types/configstore":"^6.0.0","@types/glob":"^8.0.0","@types/glob-parent":"^5.1.1","@types/got":"^9.6.12","@types/hosted-git-info":"^3.0.2","@types/inherits":"^0.0.30","@types/ip":"^1.1.0","@types/is-glob":"^4.0.2","@types/jsonwebtoken":"^9.0.1","@types/jws":"^3.2.5","@types/lodash":"^4.14.191","@types/markdown-it":"^12.2.3","@types/mime":"^3.0.1","@types/minimatch":"^5.1.2","@types/node":"^18.11.13","@types/node-fetch":"^2.6.2","@types/normalize-path":"^3.0.0","@types/once":"^1.4.0","@types/path-is-absolute":"^1.0.0","@types/platform":"^1.3.4","@types/prettier":"^2.7.2","@types/read":"^0.0.29","@types/responselike":"^1.0.0","@types/rimraf":"^3.0.2","@types/semver":"^7.3.13","@types/three":"^0.146.0","@types/tmp":"^0.2.3","@types/url-join":"^4.0.1","@types/utf-8-validate":"^5.0.0","@types/uuid":"^9.0.0","@types/vscode":"^1.74.0","@types/ws":"^8.5.4","@types/yauzl":"^2.10.0","@types/yazl":"^2.4.2"}}
[11:44:19.785] Loaded content of '/home/jas/.cache/typescript/4.9/package-lock.json'
[11:44:19.793] Adding entry into typings cache: 'archiver' => '/home/jas/.cache/typescript/4.9/node_modules/@types/archiver/index.d.ts'
[11:44:19.794] Adding entry into typings cache: 'brace-expansion' => '/home/jas/.cache/typescript/4.9/node_modules/@types/brace-expansion/index.d.ts'
[11:44:19.795] Adding entry into typings cache: 'braces' => '/home/jas/.cache/typescript/4.9/node_modules/@types/braces/index.d.ts'
[11:44:19.795] Adding entry into typings cache: 'buffer-crc32' => '/home/jas/.cache/typescript/4.9/node_modules/@types/buffer-crc32/index.d.ts'
[11:44:19.796] Adding entry into typings cache: 'configstore' => '/home/jas/.cache/typescript/4.9/node_modules/@types/configstore/index.d.ts'
[11:44:19.797] Adding entry into typings cache: 'glob' => '/home/jas/.cache/typescript/4.9/node_modules/@types/glob/index.d.ts'
[11:44:19.797] Adding entry into typings cache: 'glob-parent' => '/home/jas/.cache/typescript/4.9/node_modules/@types/glob-parent/index.d.ts'
[11:44:19.798] Adding entry into typings cache: 'got' => '/home/jas/.cache/typescript/4.9/node_modules/@types/got/index.d.ts'
[11:44:19.799] Adding entry into typings cache: 'hosted-git-info' => '/home/jas/.cache/typescript/4.9/node_modules/@types/hosted-git-info/index.d.ts'
[11:44:19.800] Adding entry into typings cache: 'inherits' => '/home/jas/.cache/typescript/4.9/node_modules/@types/inherits/index.d.ts'
[11:44:19.801] Adding entry into typings cache: 'ip' => '/home/jas/.cache/typescript/4.9/node_modules/@types/ip/index.d.ts'
[11:44:19.802] Adding entry into typings cache: 'is-glob' => '/home/jas/.cache/typescript/4.9/node_modules/@types/is-glob/index.d.ts'
[11:44:19.803] Adding entry into typings cache: 'jsonwebtoken' => '/home/jas/.cache/typescript/4.9/node_modules/@types/jsonwebtoken/index.d.ts'
[11:44:19.804] Adding entry into typings cache: 'jws' => '/home/jas/.cache/typescript/4.9/node_modules/@types/jws/index.d.ts'
[11:44:19.805] Adding entry into typings cache: 'lodash' => '/home/jas/.cache/typescript/4.9/node_modules/@types/lodash/index.d.ts'
[11:44:19.806] Adding entry into typings cache: 'markdown-it' => '/home/jas/.cache/typescript/4.9/node_modules/@types/markdown-it/index.d.ts'
[11:44:19.807] Adding entry into typings cache: 'mime' => '/home/jas/.cache/typescript/4.9/node_modules/@types/mime/index.d.ts'
[11:44:19.808] Adding entry into typings cache: 'minimatch' => '/home/jas/.cache/typescript/4.9/node_modules/@types/minimatch/index.d.ts'
[11:44:19.812] Adding entry into typings cache: 'node' => '/home/jas/.cache/typescript/4.9/node_modules/@types/node/index.d.ts'
[11:44:19.813] Adding entry into typings cache: 'node-fetch' => '/home/jas/.cache/typescript/4.9/node_modules/@types/node-fetch/index.d.ts'
[11:44:19.813] Adding entry into typings cache: 'normalize-path' => '/home/jas/.cache/typescript/4.9/node_modules/@types/normalize-path/index.d.ts'
[11:44:19.813] Adding entry into typings cache: 'once' => '/home/jas/.cache/typescript/4.9/node_modules/@types/once/index.d.ts'
[11:44:19.814] Adding entry into typings cache: 'path-is-absolute' => '/home/jas/.cache/typescript/4.9/node_modules/@types/path-is-absolute/index.d.ts'
[11:44:19.814] Adding entry into typings cache: 'platform' => '/home/jas/.cache/typescript/4.9/node_modules/@types/platform/index.d.ts'
[11:44:19.814] Adding entry into typings cache: 'prettier' => '/home/jas/.cache/typescript/4.9/node_modules/@types/prettier/index.d.ts'
[11:44:19.815] Adding entry into typings cache: 'read' => '/home/jas/.cache/typescript/4.9/node_modules/@types/read/index.d.ts'
[11:44:19.815] Adding entry into typings cache: 'responselike' => '/home/jas/.cache/typescript/4.9/node_modules/@types/responselike/index.d.ts'
[11:44:19.816] Adding entry into typings cache: 'rimraf' => '/home/jas/.cache/typescript/4.9/node_modules/@types/rimraf/index.d.ts'
[11:44:19.816] Adding entry into typings cache: 'semver' => '/home/jas/.cache/typescript/4.9/node_modules/@types/semver/index.d.ts'
[11:44:19.817] Adding entry into typings cache: 'three' => '/home/jas/.cache/typescript/4.9/node_modules/@types/three/index.d.ts'
[11:44:19.817] Adding entry into typings cache: 'tmp' => '/home/jas/.cache/typescript/4.9/node_modules/@types/tmp/index.d.ts'
[11:44:19.817] Adding entry into typings cache: 'url-join' => '/home/jas/.cache/typescript/4.9/node_modules/@types/url-join/index.d.ts'
[11:44:19.818] Adding entry into typings cache: 'utf-8-validate' => '/home/jas/.cache/typescript/4.9/node_modules/@types/utf-8-validate/index.d.ts'
[11:44:19.818] Adding entry into typings cache: 'uuid' => '/home/jas/.cache/typescript/4.9/node_modules/@types/uuid/index.d.ts'
[11:44:19.818] Adding entry into typings cache: 'vscode' => '/home/jas/.cache/typescript/4.9/node_modules/@types/vscode/index.d.ts'
[11:44:19.819] Adding entry into typings cache: 'ws' => '/home/jas/.cache/typescript/4.9/node_modules/@types/ws/index.d.ts'
[11:44:19.819] Adding entry into typings cache: 'yauzl' => '/home/jas/.cache/typescript/4.9/node_modules/@types/yauzl/index.d.ts'
[11:44:19.820] Adding entry into typings cache: 'yazl' => '/home/jas/.cache/typescript/4.9/node_modules/@types/yazl/index.d.ts'
[11:44:19.820] Finished processing cache location '/home/jas/.cache/typescript/4.9'
[11:44:19.820] Process id: 32577
[11:44:19.820] NPM location: /home/jas/.local/share/fnm/node-versions/v18.18.0/installation/bin/npm (explicit '--npmLocation' not  provided)
[11:44:19.820] validateDefaultNpmLocation: false
[11:44:19.820] Npm config file: /home/jas/.cache/typescript/4.9/package.json
[11:44:19.820] Updating types-registry npm package...
[11:44:19.820] Exec: /home/jas/.local/share/fnm/node-versions/v18.18.0/installation/bin/npm install --ignore-scripts types-registry@latest
[11:44:20.712]     Succeeded. stdout:
    
    up to date, audited 51 packages in 710ms

found 0 vulnerabilities

[11:44:20.712] Updated types-registry npm package
[11:44:20.756] Got install request {"projectName":"/dev/null/inferredProject1*","fileNames":["/home/jas/Desktop/code/aesthetic-computer/node_modules/typescript/lib/lib.es5.d.ts","/home/jas/Desktop/code/aesthetic-computer/node_modules/typescript/lib/lib.es2015.d.ts","/home/jas/Desktop/code/aesthetic-computer/node_modules/typescript/lib/lib.es2016.d.ts","/home/jas/Desktop/code/aesthetic-computer/node_modules/typescript/lib/lib.dom.d.ts","/home/jas/Desktop/code/aesthetic-computer/node_modules/typescript/lib/lib.dom.iterable.d.ts","/home/jas/Desktop/code/aesthetic-computer/node_modules/typescript/lib/lib.webworker.importscripts.d.ts","/home/jas/Desktop/code/aesthetic-computer/node_modules/typescript/lib/lib.scripthost.d.ts","/home/jas/Desktop/code/aesthetic-computer/node_modules/typescript/lib/lib.es2015.core.d.ts","/home/jas/Desktop/code/aesthetic-computer/node_modules/typescript/lib/lib.es2015.collection.d.ts","/home/jas/Desktop/code/aesthetic-computer/node_modules/typescript/lib/lib.es2015.generator.d.ts","/home/jas/Desktop/code/aesthetic-computer/node_modules/typescript/lib/lib.es2015.iterable.d.ts","/home/jas/Desktop/code/aesthetic-computer/node_modules/typescript/lib/lib.es2015.promise.d.ts","/home/jas/Desktop/code/aesthetic-computer/node_modules/typescript/lib/lib.es2015.proxy.d.ts","/home/jas/Desktop/code/aesthetic-computer/node_modules/typescript/lib/lib.es2015.reflect.d.ts","/home/jas/Desktop/code/aesthetic-computer/node_modules/typescript/lib/lib.es2015.symbol.d.ts","/home/jas/Desktop/code/aesthetic-computer/node_modules/typescript/lib/lib.es2015.symbol.wellknown.d.ts","/home/jas/Desktop/code/aesthetic-computer/node_modules/typescript/lib/lib.es2016.array.include.d.ts","/home/jas/Desktop/code/aesthetic-computer/node_modules/typescript/lib/lib.es2016.full.d.ts","/home/jas/Desktop/code/aesthetic-computer/micro/machine/boot.mjs"],"compilerOptions":{"module":1,"target":3,"jsx":1,"allowJs":true,"allowSyntheticDefaultImports":true,"allowNonTsExtensions":true,"noEmitForJsFiles":true,"maxNodeModuleJsDepth":2},"typeAcquisition":{"enable":true,"include":[],"exclude":[]},"unresolvedImports":[],"projectRootPath":"/home/jas/Desktop/code/aesthetic-computer/micro/machine","kind":"discover"}
[11:44:20.763] Loaded safelist from types map file '/home/jas/Desktop/code/aesthetic-computer/node_modules/typescript/lib/typesMap.json'
[11:44:20.764] Explicitly included types: []
[11:44:20.764] Inferred typings from unresolved imports: []
[11:44:20.765] Result: {"cachedTypingPaths":[],"newTypingNames":[],"filesToWatch":["/home/jas/Desktop/code/aesthetic-computer/micro/machine/bower_components","/home/jas/Desktop/code/aesthetic-computer/micro/machine/node_modules"]}
[11:44:20.765] Finished typings discovery: {"cachedTypingPaths":[],"newTypingNames":[],"filesToWatch":["/home/jas/Desktop/code/aesthetic-computer/micro/machine/bower_components","/home/jas/Desktop/code/aesthetic-computer/micro/machine/node_modules"]}
[11:44:20.765] DirectoryWatcher:: Added:: WatchInfo: /home/jas/Desktop/code/aesthetic-computer/micro/machine/bower_components
[11:44:20.765] DirectoryWatcher:: Added:: WatchInfo: /home/jas/Desktop/code/aesthetic-computer/micro/machine/bower_components 1 undefined Project: /dev/null/inferredProject1* watcher already invoked: false
[11:44:20.766] Elapsed:: 0.8427920006215572ms DirectoryWatcher:: Added:: WatchInfo: /home/jas/Desktop/code/aesthetic-computer/micro/machine/bower_components 1 undefined Project: /dev/null/inferredProject1* watcher already invoked: false
[11:44:20.766] DirectoryWatcher:: Added:: WatchInfo: /home/jas/Desktop/code/aesthetic-computer/micro/machine/node_modules
[11:44:20.766] DirectoryWatcher:: Added:: WatchInfo: /home/jas/Desktop/code/aesthetic-computer/micro/machine/node_modules 1 undefined Project: /dev/null/inferredProject1* watcher already invoked: false
[11:44:20.767] Elapsed:: 0.06571799982339144ms DirectoryWatcher:: Added:: WatchInfo: /home/jas/Desktop/code/aesthetic-computer/micro/machine/node_modules 1 undefined Project: /dev/null/inferredProject1* watcher already invoked: false
[11:44:20.767] Sending response:
    {"projectName":"/dev/null/inferredProject1*","typeAcquisition":{"enable":true,"include":[],"exclude":[]},"compilerOptions":{"module":1,"target":3,"jsx":1,"allowJs":true,"allowSyntheticDefaultImports":true,"allowNonTsExtensions":true,"noEmitForJsFiles":true,"maxNodeModuleJsDepth":2},"typings":[],"unresolvedImports":[],"kind":"action::set"}
[11:44:20.767] Response has been sent.
[11:44:20.767] No new typings were requested as a result of typings discovery
