[11:24:15.029] Global cache location '/home/jas/.cache/typescript/4.9', safe file path '/home/jas/Desktop/code/aesthetic-computer/node_modules/typescript/lib/typingSafeList.json', types map path /home/jas/Desktop/code/aesthetic-computer/node_modules/typescript/lib/typesMap.json
[11:24:15.030] Processing cache location '/home/jas/.cache/typescript/4.9'
[11:24:15.030] Trying to find '/home/jas/.cache/typescript/4.9/package.json'...
[11:24:15.032] Loaded content of '/home/jas/.cache/typescript/4.9/package.json': {"private":true,"dependencies":{"types-registry":"^0.1.645"},"devDependencies":{"@types/archiver":"^5.3.1","@types/brace-expansion":"^1.1.0","@types/braces":"^3.0.1","@types/buffer-crc32":"^0.2.2","@types/configstore":"^6.0.0","@types/glob":"^8.0.0","@types/glob-parent":"^5.1.1","@types/got":"^9.6.12","@types/hosted-git-info":"^3.0.2","@types/inherits":"^0.0.30","@types/ip":"^1.1.0","@types/is-glob":"^4.0.2","@types/jsonwebtoken":"^9.0.1","@types/jws":"^3.2.5","@types/lodash":"^4.14.191","@types/markdown-it":"^12.2.3","@types/mime":"^3.0.1","@types/minimatch":"^5.1.2","@types/node":"^18.11.13","@types/node-fetch":"^2.6.2","@types/normalize-path":"^3.0.0","@types/once":"^1.4.0","@types/path-is-absolute":"^1.0.0","@types/platform":"^1.3.4","@types/prettier":"^2.7.2","@types/read":"^0.0.29","@types/responselike":"^1.0.0","@types/rimraf":"^3.0.2","@types/semver":"^7.3.13","@types/three":"^0.146.0","@types/tmp":"^0.2.3","@types/url-join":"^4.0.1","@types/utf-8-validate":"^5.0.0","@types/uuid":"^9.0.0","@types/vscode":"^1.74.0","@types/ws":"^8.5.4","@types/yauzl":"^2.10.0","@types/yazl":"^2.4.2"}}
[11:24:15.032] Loaded content of '/home/jas/.cache/typescript/4.9/package-lock.json'
[11:24:15.043] Adding entry into typings cache: 'archiver' => '/home/jas/.cache/typescript/4.9/node_modules/@types/archiver/index.d.ts'
[11:24:15.045] Adding entry into typings cache: 'brace-expansion' => '/home/jas/.cache/typescript/4.9/node_modules/@types/brace-expansion/index.d.ts'
[11:24:15.047] Adding entry into typings cache: 'braces' => '/home/jas/.cache/typescript/4.9/node_modules/@types/braces/index.d.ts'
[11:24:15.048] Adding entry into typings cache: 'buffer-crc32' => '/home/jas/.cache/typescript/4.9/node_modules/@types/buffer-crc32/index.d.ts'
[11:24:15.050] Adding entry into typings cache: 'configstore' => '/home/jas/.cache/typescript/4.9/node_modules/@types/configstore/index.d.ts'
[11:24:15.051] Adding entry into typings cache: 'glob' => '/home/jas/.cache/typescript/4.9/node_modules/@types/glob/index.d.ts'
[11:24:15.052] Adding entry into typings cache: 'glob-parent' => '/home/jas/.cache/typescript/4.9/node_modules/@types/glob-parent/index.d.ts'
[11:24:15.054] Adding entry into typings cache: 'got' => '/home/jas/.cache/typescript/4.9/node_modules/@types/got/index.d.ts'
[11:24:15.056] Adding entry into typings cache: 'hosted-git-info' => '/home/jas/.cache/typescript/4.9/node_modules/@types/hosted-git-info/index.d.ts'
[11:24:15.057] Adding entry into typings cache: 'inherits' => '/home/jas/.cache/typescript/4.9/node_modules/@types/inherits/index.d.ts'
[11:24:15.060] Adding entry into typings cache: 'ip' => '/home/jas/.cache/typescript/4.9/node_modules/@types/ip/index.d.ts'
[11:24:15.061] Adding entry into typings cache: 'is-glob' => '/home/jas/.cache/typescript/4.9/node_modules/@types/is-glob/index.d.ts'
[11:24:15.062] Adding entry into typings cache: 'jsonwebtoken' => '/home/jas/.cache/typescript/4.9/node_modules/@types/jsonwebtoken/index.d.ts'
[11:24:15.063] Adding entry into typings cache: 'jws' => '/home/jas/.cache/typescript/4.9/node_modules/@types/jws/index.d.ts'
[11:24:15.066] Adding entry into typings cache: 'lodash' => '/home/jas/.cache/typescript/4.9/node_modules/@types/lodash/index.d.ts'
[11:24:15.067] Adding entry into typings cache: 'markdown-it' => '/home/jas/.cache/typescript/4.9/node_modules/@types/markdown-it/index.d.ts'
[11:24:15.068] Adding entry into typings cache: 'mime' => '/home/jas/.cache/typescript/4.9/node_modules/@types/mime/index.d.ts'
[11:24:15.069] Adding entry into typings cache: 'minimatch' => '/home/jas/.cache/typescript/4.9/node_modules/@types/minimatch/index.d.ts'
[11:24:15.073] Adding entry into typings cache: 'node' => '/home/jas/.cache/typescript/4.9/node_modules/@types/node/index.d.ts'
[11:24:15.075] Adding entry into typings cache: 'node-fetch' => '/home/jas/.cache/typescript/4.9/node_modules/@types/node-fetch/index.d.ts'
[11:24:15.075] Adding entry into typings cache: 'normalize-path' => '/home/jas/.cache/typescript/4.9/node_modules/@types/normalize-path/index.d.ts'
[11:24:15.076] Adding entry into typings cache: 'once' => '/home/jas/.cache/typescript/4.9/node_modules/@types/once/index.d.ts'
[11:24:15.076] Adding entry into typings cache: 'path-is-absolute' => '/home/jas/.cache/typescript/4.9/node_modules/@types/path-is-absolute/index.d.ts'
[11:24:15.077] Adding entry into typings cache: 'platform' => '/home/jas/.cache/typescript/4.9/node_modules/@types/platform/index.d.ts'
[11:24:15.078] Adding entry into typings cache: 'prettier' => '/home/jas/.cache/typescript/4.9/node_modules/@types/prettier/index.d.ts'
[11:24:15.078] Adding entry into typings cache: 'read' => '/home/jas/.cache/typescript/4.9/node_modules/@types/read/index.d.ts'
[11:24:15.079] Adding entry into typings cache: 'responselike' => '/home/jas/.cache/typescript/4.9/node_modules/@types/responselike/index.d.ts'
[11:24:15.080] Adding entry into typings cache: 'rimraf' => '/home/jas/.cache/typescript/4.9/node_modules/@types/rimraf/index.d.ts'
[11:24:15.080] Adding entry into typings cache: 'semver' => '/home/jas/.cache/typescript/4.9/node_modules/@types/semver/index.d.ts'
[11:24:15.081] Adding entry into typings cache: 'three' => '/home/jas/.cache/typescript/4.9/node_modules/@types/three/index.d.ts'
[11:24:15.082] Adding entry into typings cache: 'tmp' => '/home/jas/.cache/typescript/4.9/node_modules/@types/tmp/index.d.ts'
[11:24:15.082] Adding entry into typings cache: 'url-join' => '/home/jas/.cache/typescript/4.9/node_modules/@types/url-join/index.d.ts'
[11:24:15.082] Adding entry into typings cache: 'utf-8-validate' => '/home/jas/.cache/typescript/4.9/node_modules/@types/utf-8-validate/index.d.ts'
[11:24:15.083] Adding entry into typings cache: 'uuid' => '/home/jas/.cache/typescript/4.9/node_modules/@types/uuid/index.d.ts'
[11:24:15.084] Adding entry into typings cache: 'vscode' => '/home/jas/.cache/typescript/4.9/node_modules/@types/vscode/index.d.ts'
[11:24:15.085] Adding entry into typings cache: 'ws' => '/home/jas/.cache/typescript/4.9/node_modules/@types/ws/index.d.ts'
[11:24:15.085] Adding entry into typings cache: 'yauzl' => '/home/jas/.cache/typescript/4.9/node_modules/@types/yauzl/index.d.ts'
[11:24:15.086] Adding entry into typings cache: 'yazl' => '/home/jas/.cache/typescript/4.9/node_modules/@types/yazl/index.d.ts'
[11:24:15.086] Finished processing cache location '/home/jas/.cache/typescript/4.9'
[11:24:15.086] Process id: 31376
[11:24:15.086] NPM location: /home/jas/.local/share/fnm/node-versions/v18.18.0/installation/bin/npm (explicit '--npmLocation' not  provided)
[11:24:15.086] validateDefaultNpmLocation: false
[11:24:15.086] Npm config file: /home/jas/.cache/typescript/4.9/package.json
[11:24:15.086] Updating types-registry npm package...
[11:24:15.087] Exec: /home/jas/.local/share/fnm/node-versions/v18.18.0/installation/bin/npm install --ignore-scripts types-registry@latest
[11:24:16.090]     Succeeded. stdout:
    
    changed 1 package, and audited 51 packages in 761ms

found 0 vulnerabilities

[11:24:16.090] Updated types-registry npm package
[11:24:16.776] Got install request {"projectName":"/dev/null/inferredProject1*","fileNames":["/home/jas/Desktop/code/aesthetic-computer/node_modules/typescript/lib/lib.es5.d.ts","/home/jas/Desktop/code/aesthetic-computer/node_modules/typescript/lib/lib.es2015.d.ts","/home/jas/Desktop/code/aesthetic-computer/node_modules/typescript/lib/lib.es2016.d.ts","/home/jas/Desktop/code/aesthetic-computer/node_modules/typescript/lib/lib.dom.d.ts","/home/jas/Desktop/code/aesthetic-computer/node_modules/typescript/lib/lib.dom.iterable.d.ts","/home/jas/Desktop/code/aesthetic-computer/node_modules/typescript/lib/lib.webworker.importscripts.d.ts","/home/jas/Desktop/code/aesthetic-computer/node_modules/typescript/lib/lib.scripthost.d.ts","/home/jas/Desktop/code/aesthetic-computer/node_modules/typescript/lib/lib.es2015.core.d.ts","/home/jas/Desktop/code/aesthetic-computer/node_modules/typescript/lib/lib.es2015.collection.d.ts","/home/jas/Desktop/code/aesthetic-computer/node_modules/typescript/lib/lib.es2015.generator.d.ts","/home/jas/Desktop/code/aesthetic-computer/node_modules/typescript/lib/lib.es2015.iterable.d.ts","/home/jas/Desktop/code/aesthetic-computer/node_modules/typescript/lib/lib.es2015.promise.d.ts","/home/jas/Desktop/code/aesthetic-computer/node_modules/typescript/lib/lib.es2015.proxy.d.ts","/home/jas/Desktop/code/aesthetic-computer/node_modules/typescript/lib/lib.es2015.reflect.d.ts","/home/jas/Desktop/code/aesthetic-computer/node_modules/typescript/lib/lib.es2015.symbol.d.ts","/home/jas/Desktop/code/aesthetic-computer/node_modules/typescript/lib/lib.es2015.symbol.wellknown.d.ts","/home/jas/Desktop/code/aesthetic-computer/node_modules/typescript/lib/lib.es2016.array.include.d.ts","/home/jas/Desktop/code/aesthetic-computer/node_modules/typescript/lib/lib.es2016.full.d.ts","/home/jas/Desktop/code/aesthetic-computer/micro/machine/boot.mjs"],"compilerOptions":{"module":1,"target":3,"jsx":1,"allowJs":true,"allowSyntheticDefaultImports":true,"allowNonTsExtensions":true,"noEmitForJsFiles":true,"maxNodeModuleJsDepth":2},"typeAcquisition":{"enable":true,"include":[],"exclude":[]},"unresolvedImports":[],"projectRootPath":"/home/jas/Desktop/code/aesthetic-computer/micro/machine","kind":"discover"}
[11:24:16.784] Loaded safelist from types map file '/home/jas/Desktop/code/aesthetic-computer/node_modules/typescript/lib/typesMap.json'
[11:24:16.785] Explicitly included types: []
[11:24:16.785] Inferred typings from unresolved imports: []
[11:24:16.786] Result: {"cachedTypingPaths":[],"newTypingNames":[],"filesToWatch":["/home/jas/Desktop/code/aesthetic-computer/micro/machine/bower_components","/home/jas/Desktop/code/aesthetic-computer/micro/machine/node_modules"]}
[11:24:16.786] Finished typings discovery: {"cachedTypingPaths":[],"newTypingNames":[],"filesToWatch":["/home/jas/Desktop/code/aesthetic-computer/micro/machine/bower_components","/home/jas/Desktop/code/aesthetic-computer/micro/machine/node_modules"]}
[11:24:16.786] DirectoryWatcher:: Added:: WatchInfo: /home/jas/Desktop/code/aesthetic-computer/micro/machine/bower_components
[11:24:16.787] DirectoryWatcher:: Added:: WatchInfo: /home/jas/Desktop/code/aesthetic-computer/micro/machine/bower_components 1 undefined Project: /dev/null/inferredProject1* watcher already invoked: false
[11:24:16.788] Elapsed:: 1.1198799996636808ms DirectoryWatcher:: Added:: WatchInfo: /home/jas/Desktop/code/aesthetic-computer/micro/machine/bower_components 1 undefined Project: /dev/null/inferredProject1* watcher already invoked: false
[11:24:16.788] DirectoryWatcher:: Added:: WatchInfo: /home/jas/Desktop/code/aesthetic-computer/micro/machine/node_modules
[11:24:16.788] DirectoryWatcher:: Added:: WatchInfo: /home/jas/Desktop/code/aesthetic-computer/micro/machine/node_modules 1 undefined Project: /dev/null/inferredProject1* watcher already invoked: false
[11:24:16.788] Elapsed:: 0.07225099997594953ms DirectoryWatcher:: Added:: WatchInfo: /home/jas/Desktop/code/aesthetic-computer/micro/machine/node_modules 1 undefined Project: /dev/null/inferredProject1* watcher already invoked: false
[11:24:16.788] Sending response:
    {"projectName":"/dev/null/inferredProject1*","typeAcquisition":{"enable":true,"include":[],"exclude":[]},"compilerOptions":{"module":1,"target":3,"jsx":1,"allowJs":true,"allowSyntheticDefaultImports":true,"allowNonTsExtensions":true,"noEmitForJsFiles":true,"maxNodeModuleJsDepth":2},"typings":[],"unresolvedImports":[],"kind":"action::set"}
[11:24:16.788] Response has been sent.
[11:24:16.788] No new typings were requested as a result of typings discovery
